#req	time (sec)	avg. time (sec)	mapping
0	0.019	0.000	ERR
1	10.548	0.000	OK
2	2.314	0.000	OK
3	0.024	0.000	ERR
4	12.244	0.000	OK
5	8.427	0.000	OK
6	1.653	0.000	OK
7	4.664	0.000	OK
8	0.024	0.000	ERR
9	0.024	0.000	ERR
10	0.019	3.994	ERR
11	1.400	3.079	OK
12	1.631	3.011	OK
13	0.020	3.011	ERR
14	16.732	3.459	OK
15	6.680	3.285	OK
16	0.564	3.176	OK
17	0.027	2.712	ERR
18	5.631	3.273	OK
19	3.753	3.646	OK
20	6.818	4.326	OK
21	0.025	4.188	ERR
22	7.059	4.731	OK
23	0.016	4.731	ERR
24	13.649	4.422	OK
25	24.820	6.236	OK
26	0.021	6.182	ERR
27	0.013	6.181	ERR
28	0.020	5.619	ERR
29	5.227	5.767	OK
30	0.024	5.087	ERR
31	7.491	5.834	OK
32	1.196	5.248	OK
33	11.825	6.429	OK
34	10.530	6.117	OK
35	20.013	5.636	OK
36	7.648	6.399	OK
37	7.942	7.192	OK
38	0.015	7.191	ERR
39	7.615	7.430	OK
40	0.024	7.430	ERR
41	6.870	7.368	OK
42	7.772	8.025	OK
43	0.017	6.845	ERR
44	0.016	5.793	ERR
45	0.016	3.794	ERR
46	8.805	3.909	OK
47	0.017	3.117	ERR
48	0.016	3.117	ERR
49	0.016	2.357	ERR
50	10.401	3.395	OK
51	0.031	2.711	ERR
52	14.779	3.411	OK
53	0.024	3.412	ERR
54	15.940	5.004	OK
55	0.017	5.005	ERR
56	20.106	6.135	OK
57	0.022	6.135	ERR
58	0.025	6.136	ERR
59	0.032	6.138	ERR
60	6.574	5.755	OK
61	0.020	5.754	ERR
62	17.241	6.000	OK
63	0.017	5.999	ERR
64	14.107	5.816	OK
65	23.727	8.187	OK
66	1.353	6.312	OK
67	0.015	6.311	ERR
68	0.026	6.311	ERR
69	0.015	6.309	ERR
70	0.022	5.654	ERR
71	0.013	5.653	ERR
72	1.303	4.060	OK
73	0.025	4.061	ERR
74	0.017	2.652	ERR
75	0.031	0.282	ERR
76	1.221	0.269	OK
77	0.904	0.358	OK
78	0.020	0.357	ERR
79	0.024	0.358	ERR
80	0.016	0.357	ERR
81	0.015	0.358	ERR
82	0.016	0.229	ERR
83	1.300	0.356	OK
84	0.655	0.420	ERR
85	2.960	0.713	OK
86	0.031	0.594	ERR
87	0.017	0.505	ERR
88	0.019	0.505	ERR
89	0.022	0.505	ERR
90	11.634	1.667	OK
91	0.016	1.667	ERR
92	0.019	1.667	ERR
93	7.005	2.238	OK
94	0.019	2.174	ERR
95	0.025	1.881	ERR
96	7.567	2.634	OK
97	10.816	3.714	OK
98	0.022	3.715	ERR
99	1.198	3.832	OK
100	0.016	2.670	ERR
101	0.019	2.671	ERR
102	0.019	2.671	ERR
103	0.015	1.972	ERR
104	12.074	3.177	OK
105	5.630	3.738	OK
106	1.531	3.134	OK
107	1.550	2.207	OK
108	0.031	2.208	ERR
109	0.020	2.091	ERR
110	0.022	2.091	ERR
111	6.666	2.756	OK
112	0.031	2.757	ERR
113	14.833	4.239	OK
114	8.154	3.847	OK
115	0.019	3.286	ERR
116	8.758	4.008	OK
117	0.027	3.856	ERR
118	2.468	4.100	OK
119	0.975	4.195	OK
120	0.013	4.194	ERR
121	0.022	3.530	ERR
122	2.245	3.751	OK
123	0.020	2.270	ERR
124	0.019	1.457	ERR
125	0.031	1.458	ERR
126	0.022	0.584	ERR
127	0.024	0.584	ERR
128	9.318	1.269	OK
129	12.629	2.434	OK
130	0.010	2.434	ERR
131	0.031	2.435	ERR
132	10.684	3.279	OK
133	0.018	3.279	ERR
134	0.740	3.351	ERR
135	0.016	3.349	ERR
136	11.728	4.520	OK
137	16.042	6.122	OK
138	0.020	5.192	ERR
139	10.072	4.936	OK
140	0.015	4.937	ERR
141	8.296	5.763	OK
142	0.017	4.696	ERR
143	7.794	5.474	OK
144	0.024	5.402	ERR
145	0.031	5.404	ERR
146	7.649	4.996	OK
147	19.349	5.327	OK
148	0.022	5.327	ERR
149	0.027	4.323	ERR
150	0.031	4.324	ERR
151	0.032	3.498	ERR
152	0.026	3.499	ERR
153	12.092	3.928	OK
154	0.019	3.928	ERR
155	3.642	4.289	OK
156	0.017	3.526	ERR
157	0.019	1.593	ERR
158	0.027	1.593	ERR
159	18.607	3.451	OK
160	0.022	3.450	ERR
161	3.208	3.768	OK
162	0.027	3.768	ERR
163	0.019	2.561	ERR
164	0.031	2.562	ERR
165	12.768	3.475	OK
166	1.360	3.609	OK
167	0.010	3.608	ERR
168	12.460	4.851	OK
169	1.651	3.156	OK
170	0.019	3.155	ERR
171	6.756	3.510	OK
172	0.022	3.510	ERR
173	0.016	3.509	ERR
174	0.018	3.508	ERR
175	0.017	2.233	ERR
176	6.850	2.782	OK
177	0.016	2.783	ERR
178	0.018	1.538	ERR
179	0.020	1.375	ERR
180	0.027	1.376	ERR
181	0.016	0.702	ERR
182	13.543	2.054	OK
183	0.016	2.054	ERR
184	0.020	2.054	ERR
185	0.946	2.147	OK
186	5.561	2.018	OK
187	0.012	2.018	ERR
188	0.024	2.019	ERR
189	0.019	2.018	ERR
190	0.012	2.017	ERR
191	0.016	2.017	ERR
192	0.020	0.665	ERR
193	0.025	0.666	ERR
194	4.733	1.137	OK
195	0.018	1.044	ERR
196	10.187	1.507	OK
197	0.026	1.508	ERR
198	0.013	1.507	ERR
199	0.024	1.507	ERR
200	0.027	1.509	ERR
201	0.015	1.509	ERR
202	0.024	1.509	ERR
203	12.692	2.776	OK
204	4.645	2.767	OK
205	0.022	2.767	ERR
206	12.819	3.031	OK
207	0.015	3.030	ERR
208	0.013	3.030	ERR
209	9.832	4.010	OK
210	0.031	4.011	ERR
211	0.024	4.012	ERR
212	0.031	4.012	ERR
213	0.024	2.746	ERR
214	9.786	3.260	OK
215	2.396	3.497	OK
216	1.249	2.340	ERR
217	25.767	4.915	OK
218	0.032	4.917	ERR
219	0.022	3.936	ERR
220	0.015	3.935	ERR
221	0.010	3.933	ERR
222	0.031	3.933	ERR
223	12.094	5.140	OK
224	0.015	4.163	ERR
225	3.299	4.253	OK
226	0.020	4.131	ERR
227	0.808	1.635	OK
228	7.329	2.364	OK
229	0.020	2.364	ERR
230	0.019	2.365	ERR
231	0.651	2.429	ERR
232	0.024	2.428	ERR
233	0.010	1.220	ERR
234	6.726	1.891	OK
235	0.027	1.564	ERR
236	0.019	1.563	ERR
237	0.024	1.485	ERR
238	0.031	0.755	ERR
239	20.252	2.778	OK
240	0.013	2.778	ERR
241	0.755	2.788	ERR
242	0.016	2.787	ERR
243	0.226	2.809	OK
244	0.018	2.138	ERR
245	0.019	2.137	ERR
246	0.022	2.138	ERR
247	1.582	2.293	OK
248	3.694	2.660	OK
249	1.623	0.797	OK
250	0.252	0.821	ERR
251	0.019	0.747	ERR
252	0.024	0.748	ERR
253	0.024	0.728	ERR
254	0.024	0.728	ERR
255	0.019	0.728	ERR
256	9.898	1.716	OK
257	9.551	2.513	OK
258	0.024	2.146	ERR
259	1.314	2.115	OK
260	0.016	2.091	ERR
261	14.443	3.534	OK
262	0.985	3.630	ERR
263	11.093	4.737	OK
264	22.370	6.971	OK
265	14.898	8.459	OK
266	0.024	7.472	ERR
267	12.734	7.790	OK
268	0.016	7.789	ERR
269	0.019	7.660	ERR
270	0.021	7.660	ERR
271	0.020	6.218	ERR
272	5.142	6.634	OK
273	2.857	5.810	OK
274	0.032	3.576	ERR
275	0.024	2.089	ERR
276	0.026	2.089	ERR
277	14.521	2.268	OK
278	0.027	2.269	ERR
279	0.015	2.268	ERR
280	0.027	2.269	ERR
281	0.031	2.270	ERR
282	16.308	3.387	OK
283	3.070	3.408	OK
284	0.016	3.406	ERR
285	0.013	3.405	ERR
286	0.477	3.450	ERR
287	9.808	2.979	OK
288	0.013	2.978	ERR
289	0.024	2.979	ERR
290	0.016	2.978	ERR
291	0.022	2.977	ERR
292	0.012	1.347	ERR
293	6.962	1.736	OK
294	0.016	1.736	ERR
295	0.020	1.737	ERR
296	1.109	1.800	OK
297	0.024	0.822	ERR
298	0.019	0.822	ERR
299	11.097	1.930	OK
300	8.494	2.778	OK
301	6.288	3.404	OK
302	0.768	3.480	OK
303	0.021	2.786	ERR
304	19.468	4.731	OK
305	0.014	4.730	ERR
306	0.016	4.621	ERR
307	23.414	6.960	OK
308	0.260	6.984	OK
309	5.040	6.378	OK
310	0.024	5.531	ERR
311	0.021	4.904	ERR
312	0.020	4.830	ERR
313	24.106	7.238	OK
314	0.015	5.293	ERR
315	0.009	5.292	ERR
316	0.009	5.292	ERR
317	8.690	3.819	OK
318	0.024	3.796	ERR
319	0.009	3.293	ERR
320	0.015	3.292	ERR
321	0.019	3.292	ERR
322	0.018	3.291	ERR
323	0.031	0.884	ERR
324	0.030	0.885	ERR
325	9.808	1.865	OK
326	0.016	1.866	ERR
327	0.031	1.000	ERR
328	14.068	2.404	OK
329	0.020	2.405	ERR
330	0.021	2.406	ERR
331	0.023	2.406	ERR
332	0.016	2.406	ERR
333	0.031	2.406	ERR
334	2.393	2.643	OK
335	0.015	1.663	ERR
336	0.025	1.664	ERR
337	15.422	3.203	OK
338	0.018	1.798	ERR
339	0.015	1.798	ERR
340	12.217	3.018	OK
341	11.177	4.133	OK
342	26.042	6.735	OK
343	10.121	7.745	OK
344	8.105	8.316	OK
345	12.594	9.574	OK
346	0.030	9.574	ERR
347	4.820	8.514	OK
348	0.009	8.513	ERR
349	0.015	8.513	ERR
350	0.019	7.293	ERR
351	0.020	6.178	ERR
352	1.217	3.695	OK
353	1.278	2.811	OK
354	0.021	2.002	ERR
355	0.024	0.745	ERR
356	0.021	0.744	ERR
357	0.562	0.319	ERR
358	0.651	0.383	ERR
359	0.016	0.383	ERR
360	0.019	0.383	ERR
361	18.716	2.252	OK
362	18.446	3.975	OK
363	19.564	5.804	OK
364	9.060	6.708	OK
365	1.375	6.843	ERR
366	0.016	6.843	ERR
367	0.017	6.788	ERR
368	0.010	6.724	ERR
369	0.015	6.724	ERR
370	0.794	6.801	OK
371	2.733	5.203	OK
372	0.019	3.360	ERR
373	0.020	1.406	ERR
374	0.016	0.501	ERR
375	0.021	0.366	ERR
376	11.689	1.533	OK
377	0.025	1.534	ERR
378	9.130	2.446	OK
379	0.024	2.447	ERR
380	0.019	2.370	ERR
381	0.018	2.098	ERR
382	0.009	2.097	ERR
383	0.025	2.098	ERR
384	2.549	2.351	OK
385	0.019	2.351	ERR
386	0.031	1.185	ERR
387	0.030	1.185	ERR
388	0.015	0.274	ERR
389	0.394	0.311	ERR
390	6.527	0.962	OK
391	0.030	0.963	ERR
392	14.371	2.399	OK
393	26.746	5.071	OK
394	0.022	4.818	ERR
395	0.016	4.818	ERR
396	0.018	4.817	ERR
397	0.019	4.816	ERR
398	27.159	7.530	OK
399	0.019	7.493	ERR

---- Final results ----
400 NS requests
247 failed requests
153 success requests
36 improved requests
1404.046 ellapsed time
