#req	time (sec)	avg. time (sec)	mapping
0	0.019	0.000	ERR
1	0.691	0.000	OK
2	1.390	0.000	OK
3	0.019	0.000	ERR
4	10.274	0.000	OK
5	2.175	0.000	OK
6	8.733	0.000	OK
7	5.556	0.000	OK
8	0.025	0.000	ERR
9	0.025	0.000	ERR
10	0.019	2.891	ERR
11	9.485	3.770	OK
12	4.296	4.061	OK
13	0.021	4.061	ERR
14	0.715	3.105	ERR
15	1.936	3.081	OK
16	7.523	2.960	OK
17	0.027	2.407	ERR
18	3.073	2.712	OK
19	0.480	2.758	ERR
20	3.108	3.066	OK
21	0.026	2.120	ERR
22	2.099	1.901	OK
23	0.016	1.900	ERR
24	12.063	3.035	OK
25	17.582	4.600	OK
26	0.021	3.849	ERR
27	0.013	3.848	ERR
28	0.020	3.543	ERR
29	4.943	3.989	OK
30	0.025	3.681	ERR
31	3.935	4.072	OK
32	1.575	4.019	OK
33	2.620	4.280	OK
34	6.732	3.747	OK
35	10.786	3.067	OK
36	8.435	3.908	OK
37	5.063	4.413	OK
38	0.015	4.413	ERR
39	5.783	4.497	OK
40	0.024	4.497	ERR
41	2.164	4.320	OK
42	2.114	4.374	OK
43	0.017	4.113	ERR
44	0.016	3.442	ERR
45	0.016	2.365	ERR
46	4.576	1.979	OK
47	0.017	1.474	ERR
48	0.016	1.474	ERR
49	0.016	0.898	ERR
50	1.687	1.064	OK
51	0.032	0.851	ERR
52	4.935	1.133	OK
53	0.024	1.133	ERR
54	5.097	1.642	OK
55	0.017	1.642	ERR
56	1.100	1.294	OK
57	0.022	1.295	ERR
58	0.024	1.295	ERR
59	0.032	1.297	ERR
60	2.985	1.427	OK
61	0.020	1.426	ERR
62	4.455	1.378	OK
63	0.017	1.377	ERR
64	5.872	1.454	OK
65	9.661	2.419	OK
66	6.146	2.923	OK
67	0.015	2.923	ERR
68	0.026	2.923	ERR
69	0.016	2.921	ERR
70	0.022	2.625	ERR
71	0.013	2.624	ERR
72	3.136	2.492	OK
73	0.026	2.493	ERR
74	0.017	1.908	ERR
75	0.032	0.945	ERR
76	9.467	1.277	OK
77	1.857	1.461	OK
78	0.021	1.461	ERR
79	0.025	1.461	ERR
80	0.016	1.461	ERR
81	0.015	1.461	ERR
82	0.016	1.149	ERR
83	3.780	1.524	OK
84	3.767	1.900	OK
85	3.479	2.244	OK
86	3.842	1.682	OK
87	0.017	1.498	ERR
88	0.019	1.498	ERR
89	0.022	1.497	ERR
90	1.864	1.682	OK
91	0.016	1.682	ERR
92	0.019	1.682	ERR
93	5.005	1.805	OK
94	0.019	1.430	ERR
95	0.026	1.085	ERR
96	3.647	1.065	OK
97	5.054	1.569	OK
98	0.022	1.569	ERR
99	9.168	2.484	OK
100	0.016	2.299	ERR
101	0.019	2.299	ERR
102	0.019	2.299	ERR
103	0.015	1.801	ERR
104	7.159	2.514	OK
105	3.783	2.890	OK
106	8.555	3.381	OK
107	12.872	4.163	OK
108	0.032	4.164	ERR
109	0.021	3.249	ERR
110	0.022	3.250	ERR
111	5.492	3.797	OK
112	0.032	3.798	ERR
113	3.363	4.133	OK
114	1.431	3.560	OK
115	0.019	3.184	ERR
116	9.772	3.305	OK
117	0.027	2.021	ERR
118	8.729	2.891	OK
119	6.169	3.506	OK
120	0.013	3.505	ERR
121	0.022	2.958	ERR
122	7.093	3.664	OK
123	0.021	3.330	ERR
124	0.019	3.188	ERR
125	0.032	3.190	ERR
126	0.022	2.215	ERR
127	0.024	2.214	ERR
128	6.748	2.016	OK
129	11.252	2.525	OK
130	0.010	2.524	ERR
131	0.032	2.525	ERR
132	8.136	2.630	OK
133	0.018	2.629	ERR
134	17.277	4.355	OK
135	0.016	4.354	ERR
136	2.297	4.581	OK
137	5.993	5.178	OK
138	0.019	4.505	ERR
139	5.390	3.919	OK
140	0.015	3.919	ERR
141	8.707	4.787	OK
142	0.017	3.975	ERR
143	2.705	4.244	OK
144	0.024	2.518	ERR
145	0.031	2.520	ERR
146	3.995	2.690	OK
147	4.015	2.492	OK
148	0.022	2.492	ERR
149	0.027	1.956	ERR
150	0.031	1.958	ERR
151	0.032	1.090	ERR
152	0.026	1.091	ERR
153	2.308	1.051	OK
154	0.019	1.051	ERR
155	4.338	1.481	OK
156	0.017	1.083	ERR
157	0.019	0.684	ERR
158	0.027	0.684	ERR
159	0.653	0.747	ERR
160	0.022	0.746	ERR
161	11.701	1.913	OK
162	0.027	1.913	ERR
163	0.019	1.684	ERR
164	0.032	1.686	ERR
165	5.334	1.785	OK
166	3.953	2.179	OK
167	0.010	2.178	ERR
168	3.461	2.521	OK
169	5.262	2.982	OK
170	0.019	2.982	ERR
171	1.803	1.992	OK
172	0.022	1.991	ERR
173	0.016	1.991	ERR
174	0.018	1.990	ERR
175	0.017	1.458	ERR
176	7.000	1.763	OK
177	0.016	1.763	ERR
178	0.018	1.419	ERR
179	0.020	0.895	ERR
180	0.027	0.896	ERR
181	0.016	0.717	ERR
182	6.023	1.317	OK
183	0.016	1.317	ERR
184	0.021	1.317	ERR
185	6.049	1.921	OK
186	1.254	1.346	OK
187	0.013	1.346	ERR
188	0.024	1.346	ERR
189	0.019	1.346	ERR
190	0.012	1.345	ERR
191	0.016	1.345	ERR
192	0.020	0.744	ERR
193	0.026	0.745	ERR
194	9.236	1.667	OK
195	5.706	1.633	OK
196	10.028	2.510	OK
197	0.026	2.511	ERR
198	0.013	2.510	ERR
199	0.024	2.511	ERR
200	0.027	2.512	ERR
201	0.015	2.512	ERR
202	0.024	2.512	ERR
203	6.053	3.115	OK
204	3.901	2.582	OK
205	0.022	2.013	ERR
206	7.175	1.728	OK
207	0.015	1.727	ERR
208	0.013	1.727	ERR
209	4.924	2.217	OK
210	0.032	2.217	ERR
211	0.025	2.218	ERR
212	0.031	2.219	ERR
213	0.024	1.616	ERR
214	10.068	2.233	OK
215	3.425	2.573	OK
216	2.134	2.069	OK
217	3.096	2.377	OK
218	0.032	2.379	ERR
219	0.022	1.889	ERR
220	0.015	1.887	ERR
221	0.010	1.886	ERR
222	0.031	1.886	ERR
223	9.249	2.808	OK
224	4.986	2.300	OK
225	1.433	2.101	OK
226	0.020	1.889	ERR
227	4.702	2.050	OK
228	0.321	2.079	ERR
229	0.020	2.079	ERR
230	0.019	2.079	ERR
231	6.942	2.772	OK
232	0.024	2.772	ERR
233	0.010	1.848	ERR
234	2.888	1.638	OK
235	0.027	1.497	ERR
236	0.019	1.497	ERR
237	0.024	1.029	ERR
238	0.032	1.001	ERR
239	12.945	2.293	OK
240	0.013	2.292	ERR
241	0.276	1.626	ERR
242	0.016	1.625	ERR
243	0.226	1.647	OK
244	6.355	1.993	OK
245	0.019	1.992	ERR
246	0.022	1.993	ERR
247	1.026	2.093	ERR
248	5.883	2.678	OK
249	6.348	2.018	OK
250	0.039	2.021	ERR
251	0.020	1.995	ERR
252	0.024	1.996	ERR
253	0.024	1.976	ERR
254	0.023	1.343	ERR
255	0.019	1.343	ERR
256	1.657	1.506	OK
257	9.193	2.323	OK
258	0.024	1.737	ERR
259	9.140	2.016	OK
260	0.016	2.014	ERR
261	6.415	2.654	OK
262	1.349	2.786	ERR
263	4.783	3.262	OK
264	14.926	4.752	OK
265	10.961	5.846	OK
266	0.025	5.683	ERR
267	6.394	5.403	OK
268	0.016	5.402	ERR
269	0.019	4.490	ERR
270	0.021	4.491	ERR
271	0.020	3.851	ERR
272	7.294	4.446	OK
273	11.869	5.154	OK
274	0.032	3.665	ERR
275	0.024	2.571	ERR
276	0.026	2.571	ERR
277	6.061	2.538	OK
278	0.027	2.539	ERR
279	0.015	2.539	ERR
280	0.027	2.539	ERR
281	0.032	2.541	ERR
282	9.541	2.765	OK
283	3.833	1.962	OK
284	0.016	1.960	ERR
285	0.013	1.959	ERR
286	0.291	1.986	ERR
287	6.525	2.032	OK
288	0.013	2.031	ERR
289	0.025	2.032	ERR
290	0.016	2.030	ERR
291	0.022	2.029	ERR
292	0.012	1.077	ERR
293	6.612	1.354	OK
294	0.016	1.354	ERR
295	0.021	1.355	ERR
296	5.187	1.845	OK
297	0.024	1.195	ERR
298	0.019	1.195	ERR
299	2.991	1.492	OK
300	4.192	1.910	OK
301	7.260	2.633	OK
302	6.978	3.330	OK
303	0.022	2.671	ERR
304	8.710	3.540	OK
305	0.015	3.540	ERR
306	7.569	3.778	OK
307	5.983	4.374	OK
308	0.246	4.397	OK
309	9.058	5.003	OK
310	0.025	4.587	ERR
311	0.022	3.863	ERR
312	0.021	3.167	ERR
313	6.363	3.801	OK
314	0.015	2.932	ERR
315	0.010	2.931	ERR
316	10.460	3.220	OK
317	8.007	3.423	OK
318	0.024	3.400	ERR
319	0.010	2.496	ERR
320	0.016	2.495	ERR
321	0.019	2.494	ERR
322	0.018	2.494	ERR
323	0.032	1.861	ERR
324	0.246	1.884	ERR
325	2.004	2.084	OK
326	0.016	1.039	ERR
327	0.031	0.242	ERR
328	8.042	1.043	OK
329	0.021	1.045	ERR
330	0.022	1.045	ERR
331	0.024	1.046	ERR
332	0.016	1.045	ERR
333	0.032	1.045	ERR
334	3.374	1.358	OK
335	0.016	1.159	ERR
336	0.026	1.160	ERR
337	10.521	2.209	OK
338	0.019	1.407	ERR
339	0.016	1.406	ERR
340	9.289	2.333	OK
341	14.725	3.803	OK
342	10.233	4.825	OK
343	4.644	5.286	OK
344	0.032	4.952	ERR
345	10.630	6.013	OK
346	0.032	6.014	ERR
347	2.898	5.252	OK
348	0.010	5.251	ERR
349	0.016	5.251	ERR
350	0.019	4.324	ERR
351	0.021	2.853	ERR
352	6.312	2.461	OK
353	4.199	2.417	OK
354	0.022	2.416	ERR
355	0.024	1.355	ERR
356	0.021	1.354	ERR
357	0.326	1.097	ERR
358	7.310	1.827	OK
359	0.016	1.827	ERR
360	0.019	1.827	ERR
361	12.645	3.090	OK
362	15.312	3.990	OK
363	0.120	3.582	ERR
364	8.318	4.411	OK
365	9.077	5.317	OK
366	0.016	5.316	ERR
367	0.017	5.285	ERR
368	0.010	4.555	ERR
369	0.016	4.555	ERR
370	1.963	4.749	OK
371	8.452	4.330	OK
372	0.019	2.801	ERR
373	0.021	2.791	ERR
374	0.016	1.961	ERR
375	0.022	1.055	ERR
376	6.148	1.668	OK
377	0.026	1.669	ERR
378	4.397	2.108	OK
379	0.024	2.109	ERR
380	0.019	1.914	ERR
381	0.019	1.071	ERR
382	0.387	1.108	ERR
383	0.026	1.108	ERR
384	10.361	2.143	OK
385	0.019	2.143	ERR
386	6.324	2.160	OK
387	0.031	2.161	ERR
388	0.016	1.723	ERR
389	0.415	1.762	ERR
390	3.961	2.156	OK
391	0.032	2.157	ERR
392	0.290	2.147	ERR
393	0.924	2.237	ERR
394	0.022	1.203	ERR
395	0.016	1.203	ERR
396	0.018	0.572	ERR
397	0.019	0.571	ERR
398	14.698	2.039	OK
399	0.019	2.000	ERR

---- Final results ----
400 NS requests
243 failed requests
157 success requests
51 improved requests
988.458 ellapsed time
