#req	time (sec)	avg. time (sec)	mapping
0	0.019	0.000	ERR
1	8.605	0.000	OK
2	2.805	0.000	OK
3	0.019	0.000	ERR
4	10.668	0.000	OK
5	13.556	0.000	OK
6	2.414	0.000	OK
7	5.439	0.000	OK
8	0.024	0.000	ERR
9	0.024	0.000	ERR
10	0.019	4.357	ERR
11	1.993	3.696	OK
12	2.362	3.652	OK
13	0.020	3.652	ERR
14	17.875	4.373	OK
15	8.091	3.826	OK
16	1.165	3.701	OK
17	0.027	3.160	ERR
18	6.031	3.761	OK
19	8.225	4.581	OK
20	7.407	5.320	OK
21	0.025	5.123	ERR
22	6.703	5.557	OK
23	0.016	5.556	ERR
24	10.550	4.824	OK
25	23.517	6.367	OK
26	0.021	6.252	ERR
27	0.013	6.251	ERR
28	0.020	5.650	ERR
29	5.634	5.391	OK
30	0.024	4.652	ERR
31	11.494	5.799	OK
32	1.820	5.311	OK
33	10.983	6.408	OK
34	10.928	6.445	OK
35	19.044	5.998	OK
36	9.152	6.911	OK
37	9.609	7.871	OK
38	0.015	7.870	ERR
39	7.591	8.066	OK
40	0.024	8.066	ERR
41	6.835	7.600	OK
42	10.125	8.431	OK
43	0.017	7.334	ERR
44	0.016	6.243	ERR
45	0.016	4.340	ERR
46	11.520	4.577	OK
47	0.017	3.618	ERR
48	0.016	3.618	ERR
49	0.016	2.860	ERR
50	8.776	3.735	OK
51	0.032	3.055	ERR
52	12.941	3.337	OK
53	0.024	3.337	ERR
54	17.906	5.126	OK
55	0.017	5.126	ERR
56	15.936	5.568	OK
57	0.022	5.569	ERR
58	0.024	5.569	ERR
59	0.031	5.571	ERR
60	8.293	5.523	OK
61	0.021	5.521	ERR
62	15.869	5.814	OK
63	0.017	5.814	ERR
64	11.371	5.160	OK
65	16.264	6.785	OK
66	3.037	5.495	OK
67	0.015	5.494	ERR
68	0.026	5.494	ERR
69	0.015	5.493	ERR
70	0.022	4.666	ERR
71	0.013	4.665	ERR
72	1.878	3.266	OK
73	0.025	3.267	ERR
74	0.017	2.131	ERR
75	0.032	0.508	ERR
76	1.807	0.385	OK
77	2.051	0.588	OK
78	0.020	0.588	ERR
79	0.024	0.589	ERR
80	0.016	0.588	ERR
81	0.015	0.589	ERR
82	0.016	0.402	ERR
83	1.884	0.588	OK
84	5.881	1.174	OK
85	3.945	1.566	OK
86	0.032	1.388	ERR
87	0.017	1.185	ERR
88	0.019	1.185	ERR
89	0.022	1.185	ERR
90	13.968	2.580	OK
91	0.016	2.580	ERR
92	0.019	2.580	ERR
93	10.669	3.459	OK
94	0.019	2.873	ERR
95	0.025	2.481	ERR
96	10.265	3.504	OK
97	10.155	4.518	OK
98	0.021	4.518	ERR
99	2.422	4.758	OK
100	0.016	3.363	ERR
101	0.019	3.363	ERR
102	0.019	3.363	ERR
103	0.015	2.298	ERR
104	15.445	3.840	OK
105	6.431	4.481	OK
106	4.121	3.866	OK
107	2.287	3.080	OK
108	0.032	3.081	ERR
109	0.021	2.840	ERR
110	0.022	2.841	ERR
111	5.087	3.348	OK
112	0.031	3.349	ERR
113	15.624	4.910	OK
114	9.201	4.285	OK
115	0.019	3.644	ERR
116	7.256	3.958	OK
117	0.028	3.732	ERR
118	3.191	4.048	OK
119	1.743	4.220	OK
120	0.013	4.219	ERR
121	0.022	3.713	ERR
122	4.253	4.135	OK
123	0.021	2.575	ERR
124	0.019	1.656	ERR
125	0.032	1.658	ERR
126	0.022	0.934	ERR
127	0.025	0.934	ERR
128	12.415	1.856	OK
129	15.999	3.282	OK
130	0.010	3.282	ERR
131	0.032	3.283	ERR
132	0.009	2.858	ERR
133	0.018	2.858	ERR
134	0.643	2.920	ERR
135	0.016	2.919	ERR
136	2.863	3.203	OK
137	19.820	5.182	OK
138	0.020	3.943	ERR
139	13.638	3.707	OK
140	0.015	3.707	ERR
141	22.234	5.928	OK
142	0.017	5.928	ERR
143	7.262	6.653	OK
144	0.024	6.591	ERR
145	0.032	6.593	ERR
146	10.197	7.326	OK
147	17.180	7.062	OK
148	0.022	7.062	ERR
149	0.027	5.701	ERR
150	0.032	5.703	ERR
151	0.032	3.483	ERR
152	0.026	3.483	ERR
153	11.584	3.916	OK
154	0.019	3.915	ERR
155	3.159	4.228	OK
156	0.017	3.210	ERR
157	0.020	1.494	ERR
158	0.027	1.494	ERR
159	19.918	3.484	OK
160	0.022	3.483	ERR
161	8.751	4.354	OK
162	0.027	4.355	ERR
163	0.019	3.198	ERR
164	0.032	3.199	ERR
165	10.970	3.980	OK
166	2.523	4.231	OK
167	0.010	4.230	ERR
168	12.116	5.439	OK
169	2.150	3.662	OK
170	0.019	3.662	ERR
171	2.669	3.054	OK
172	0.022	3.053	ERR
173	0.016	3.053	ERR
174	0.018	3.051	ERR
175	0.017	1.956	ERR
176	7.879	2.492	OK
177	0.016	2.492	ERR
178	0.018	1.283	ERR
179	0.021	1.070	ERR
180	0.027	1.070	ERR
181	0.016	0.805	ERR
182	9.702	1.773	OK
183	0.016	1.773	ERR
184	0.020	1.773	ERR
185	1.277	1.899	OK
186	7.091	1.820	OK
187	0.012	1.820	ERR
188	0.024	1.821	ERR
189	0.019	1.821	ERR
190	0.012	1.819	ERR
191	0.016	1.819	ERR
192	0.020	0.851	ERR
193	0.025	0.852	ERR
194	5.190	1.369	OK
195	7.023	1.943	OK
196	7.569	1.991	OK
197	0.026	1.992	ERR
198	0.013	1.991	ERR
199	0.025	1.992	ERR
200	0.027	1.993	ERR
201	0.015	1.993	ERR
202	0.024	1.994	ERR
203	13.516	3.343	OK
204	9.932	3.817	OK
205	0.022	3.117	ERR
206	14.904	3.850	OK
207	0.015	3.849	ERR
208	0.013	3.849	ERR
209	3.955	4.242	OK
210	0.032	4.243	ERR
211	0.024	4.244	ERR
212	0.031	4.244	ERR
213	0.024	2.895	ERR
214	14.942	3.396	OK
215	7.137	4.108	OK
216	14.648	4.082	OK
217	22.818	6.362	OK
218	0.032	6.364	ERR
219	0.022	5.971	ERR
220	0.015	5.969	ERR
221	0.010	5.968	ERR
222	0.031	5.968	ERR
223	11.384	7.104	OK
224	13.908	7.000	OK
225	4.035	6.690	OK
226	0.021	5.228	ERR
227	1.151	3.061	OK
228	10.590	4.117	OK
229	0.020	4.116	ERR
230	0.020	4.117	ERR
231	6.422	4.758	OK
232	0.024	4.757	ERR
233	0.010	3.620	ERR
234	11.173	3.347	OK
235	0.027	2.946	ERR
236	0.019	2.946	ERR
237	0.025	2.833	ERR
238	0.032	1.777	ERR
239	14.238	3.199	OK
240	0.013	3.198	ERR
241	9.650	3.521	OK
242	0.016	3.520	ERR
243	0.261	3.545	OK
244	17.092	4.137	OK
245	0.019	4.136	ERR
246	0.022	4.137	ERR
247	2.277	4.362	OK
248	4.731	4.832	OK
249	1.887	3.597	OK
250	6.425	4.238	OK
251	0.019	3.275	ERR
252	0.023	3.276	ERR
253	0.023	3.252	ERR
254	0.023	1.545	ERR
255	0.019	1.545	ERR
256	12.118	2.755	OK
257	12.774	3.804	OK
258	0.024	3.334	ERR
259	1.843	3.329	OK
260	0.015	2.688	ERR
261	16.693	4.356	OK
262	0.699	4.423	ERR
263	10.507	5.472	OK
264	11.969	6.666	OK
265	17.036	8.368	OK
266	0.024	7.158	ERR
267	4.755	6.356	OK
268	0.016	6.356	ERR
269	0.019	6.173	ERR
270	0.020	6.174	ERR
271	0.020	4.506	ERR
272	5.946	5.031	OK
273	2.603	4.241	OK
274	0.031	3.047	ERR
275	0.023	1.346	ERR
276	0.025	1.346	ERR
277	9.018	1.772	OK
278	0.026	1.773	ERR
279	0.014	1.773	ERR
280	0.026	1.773	ERR
281	0.030	1.774	ERR
282	15.679	2.748	OK
283	3.788	2.866	OK
284	0.015	2.864	ERR
285	0.012	2.863	ERR
286	0.950	2.956	ERR
287	10.687	3.123	OK
288	0.013	3.121	ERR
289	0.024	3.122	ERR
290	0.016	3.121	ERR
291	0.022	3.120	ERR
292	0.012	1.554	ERR
293	5.846	1.760	OK
294	0.016	1.760	ERR
295	0.020	1.761	ERR
296	1.944	1.860	OK
297	0.024	0.794	ERR
298	0.019	0.794	ERR
299	11.270	1.919	OK
300	16.970	3.614	OK
301	1.872	3.799	OK
302	1.011	3.899	OK
303	0.021	3.317	ERR
304	0.072	3.322	ERR
305	0.014	3.322	ERR
306	0.015	3.129	ERR
307	11.931	4.319	OK
308	0.301	4.348	OK
309	6.514	3.872	OK
310	0.024	2.178	ERR
311	0.021	1.992	ERR
312	0.020	1.893	ERR
313	15.678	3.459	OK
314	0.014	3.453	ERR
315	0.009	3.453	ERR
316	0.009	3.452	ERR
317	1.603	2.419	OK
318	0.023	2.392	ERR
319	0.009	1.741	ERR
320	0.016	1.740	ERR
321	0.019	1.740	ERR
322	0.018	1.740	ERR
323	0.031	0.175	ERR
324	0.030	0.177	ERR
325	0.341	0.210	ERR
326	0.015	0.210	ERR
327	0.030	0.053	ERR
328	6.481	0.699	OK
329	0.020	0.700	ERR
330	0.021	0.700	ERR
331	0.023	0.701	ERR
332	0.015	0.701	ERR
333	0.031	0.701	ERR
334	3.403	1.038	OK
335	0.015	1.005	ERR
336	0.025	1.006	ERR
337	22.851	3.288	OK
338	0.018	2.642	ERR
339	0.015	2.642	ERR
340	17.992	4.439	OK
341	17.576	6.194	OK
342	18.487	8.041	OK
343	8.353	8.874	OK
344	9.740	9.507	OK
345	15.689	11.074	OK
346	0.031	11.075	ERR
347	5.092	9.299	OK
348	0.010	9.298	ERR
349	0.016	9.298	ERR
350	0.019	7.501	ERR
351	0.020	5.746	ERR
352	11.804	5.077	OK
353	2.260	4.468	OK
354	0.021	3.496	ERR
355	0.024	1.930	ERR
356	0.021	1.929	ERR
357	16.183	3.038	OK
358	9.639	4.001	OK
359	0.016	4.001	ERR
360	0.019	4.001	ERR
361	16.548	5.653	OK
362	9.592	5.432	OK
363	16.632	6.869	OK
364	8.151	7.682	OK
365	17.695	9.450	OK
366	0.016	9.449	ERR
367	0.017	7.832	ERR
368	0.010	6.869	ERR
369	0.015	6.869	ERR
370	1.090	6.976	OK
371	3.112	5.633	OK
372	0.019	4.676	ERR
373	0.020	3.014	ERR
374	0.016	2.201	ERR
375	0.021	0.433	ERR
376	11.176	1.550	OK
377	0.027	1.550	ERR
378	9.496	2.499	OK
379	0.023	2.500	ERR
380	0.019	2.393	ERR
381	0.018	2.083	ERR
382	0.009	2.083	ERR
383	0.025	2.083	ERR
384	3.427	2.424	OK
385	0.018	2.424	ERR
386	0.030	1.309	ERR
387	0.030	1.310	ERR
388	0.015	0.362	ERR
389	0.776	0.437	ERR
390	17.557	2.191	OK
391	0.031	2.192	ERR
392	11.622	3.353	OK
393	3.001	3.651	OK
394	0.021	3.310	ERR
395	0.016	3.310	ERR
396	0.018	3.309	ERR
397	0.018	3.308	ERR
398	16.082	4.914	OK
399	0.019	4.838	ERR

---- Final results ----
400 NS requests
239 failed requests
161 success requests
43 improved requests
1489.685 ellapsed time
