#req	time (sec)	avg. time (sec)	mapping
0	1.671	0.000	OK
1	1.688	0.000	OK
2	1.671	0.000	OK
3	1.694	0.000	OK
4	1.695	0.000	OK
5	1.651	0.000	OK
6	1.699	0.000	OK
7	1.669	0.000	OK
8	3.458	0.000	OK
9	1.674	0.000	OK
10	1.686	1.859	OK
11	3.472	2.037	OK
12	5.271	2.397	OK
13	1.659	2.393	OK
14	1.644	2.388	OK
15	1.667	2.390	OK
16	1.650	2.385	OK
17	1.662	2.384	OK
18	3.531	2.392	OK
19	1.702	2.394	OK
20	1.721	2.398	OK
21	1.773	2.228	OK
22	1.711	1.872	OK
23	3.498	2.056	OK
24	1.646	2.056	OK
25	1.685	2.058	OK
26	1.671	2.060	OK
27	1.689	2.063	OK
28	1.677	1.877	OK
29	1.689	1.876	OK
30	3.435	2.047	OK
31	1.640	2.034	OK
32	3.478	2.211	OK
33	1.742	2.035	OK
34	3.465	2.217	OK
35	3.484	2.397	OK
36	1.681	2.398	OK
37	1.708	2.400	OK
38	1.651	2.397	OK
39	1.696	2.398	OK
40	3.497	2.404	OK
41	1.688	2.409	OK
42	3.480	2.409	OK
43	1.670	2.402	OK
44	1.658	2.221	OK
45	3.487	2.222	OK
46	1.687	2.222	OK
47	1.674	2.219	OK
48	3.496	2.403	OK
49	1.669	2.401	OK
50	1.666	2.218	OK
51	3.461	2.395	OK
52	1.705	2.217	OK
53	1.662	2.216	OK
54	1.708	2.222	OK
55	1.747	2.047	OK
56	3.611	2.240	OK
57	1.742	2.247	OK
58	1.673	2.064	OK
59	1.666	2.064	OK
60	1.653	2.063	OK
61	1.732	1.890	OK
62	1.727	1.892	OK
63	1.668	1.893	OK
64	1.676	1.890	OK
65	1.780	1.893	OK
66	1.819	1.714	OK
67	1.737	1.713	OK
68	1.778	1.724	OK
69	1.741	1.731	OK
70	1.761	1.742	OK
71	3.605	1.929	OK
72	3.643	2.121	OK
73	3.605	2.315	OK
74	1.740	2.321	OK
75	1.771	2.320	OK
76	1.719	2.310	OK
77	1.751	2.311	OK
78	1.746	2.308	OK
79	1.758	2.310	OK
80	1.787	2.312	OK
81	1.880	2.140	OK
82	3.608	2.136	OK
83	1.723	1.948	OK
84	3.656	2.140	OK
85	3.605	2.323	OK
86	1.968	2.348	OK
87	1.750	2.348	OK
88	3.697	2.543	OK
89	3.638	2.731	OK
90	1.699	2.722	OK
91	1.723	2.707	OK
92	1.751	2.521	OK
93	1.738	2.523	OK
94	1.808	2.338	OK
95	1.748	2.152	OK
96	3.965	2.352	OK
97	1.782	2.355	OK
98	1.781	2.163	OK
99	1.791	1.979	OK
100	1.759	1.984	OK
101	1.734	1.986	OK
102	1.723	1.983	OK
103	1.733	1.982	OK
104	3.629	2.164	OK
105	1.736	2.163	OK
106	1.737	1.940	OK
107	1.720	1.934	OK
108	1.751	1.931	OK
109	1.746	1.927	OK
110	1.904	1.941	OK
111	1.766	1.945	OK
112	1.718	1.944	OK
113	1.783	1.949	OK
114	1.741	1.760	OK
115	1.744	1.761	OK
116	1.748	1.762	OK
117	1.757	1.766	OK
118	1.780	1.769	OK
119	1.756	1.770	OK
120	1.785	1.758	OK
121	1.756	1.757	OK
122	1.742	1.759	OK
123	1.739	1.755	OK
124	3.614	1.942	OK
125	1.754	1.943	OK
126	1.745	1.943	OK
127	1.726	1.940	OK
128	1.733	1.935	OK
129	1.695	1.929	OK
130	2.070	1.958	OK
131	1.781	1.960	OK
132	3.608	2.147	OK
133	3.572	2.330	OK
134	1.786	2.147	OK
135	1.873	2.159	OK
136	3.627	2.347	OK
137	1.709	2.345	OK
138	3.624	2.535	OK
139	1.876	2.553	OK
140	1.755	2.521	OK
141	1.747	2.518	OK
142	1.744	2.331	OK
143	3.725	2.347	OK
144	1.746	2.343	OK
145	1.771	2.332	OK
146	1.749	2.145	OK
147	1.783	2.152	OK
148	1.844	1.974	OK
149	1.740	1.960	OK
150	1.723	1.957	OK
151	1.736	1.956	OK
152	5.556	2.337	OK
153	1.727	2.137	OK
154	1.804	2.143	OK
155	3.605	2.327	OK
156	1.785	2.330	OK
157	1.759	2.328	OK
158	1.758	2.319	OK
159	1.850	2.330	OK
160	1.800	2.338	OK
161	1.749	2.339	OK
162	1.717	1.955	OK
163	1.720	1.955	OK
164	3.968	2.171	OK
165	3.613	2.172	OK
166	1.754	2.169	OK
167	1.796	2.173	OK
168	1.687	2.165	OK
169	1.723	2.153	OK
170	1.752	2.148	OK
171	3.626	2.336	OK
172	1.717	2.336	OK
173	1.733	2.337	OK
174	3.807	2.321	OK
175	1.728	2.132	OK
176	1.768	2.134	OK
177	3.636	2.318	OK
178	1.750	2.324	OK
179	3.666	2.518	OK
180	1.738	2.517	OK
181	1.747	2.329	OK
182	1.768	2.334	OK
183	1.760	2.337	OK
184	1.732	2.129	OK
185	1.834	2.140	OK
186	1.728	2.136	OK
187	1.756	1.948	OK
188	1.736	1.946	OK
189	1.765	1.756	OK
190	1.810	1.764	OK
191	1.768	1.766	OK
192	1.743	1.763	OK
193	1.749	1.762	OK
194	1.727	1.762	OK
195	1.733	1.752	OK
196	1.740	1.753	OK
197	1.743	1.751	OK
198	1.858	1.764	OK
199	3.644	1.952	OK
200	1.838	1.954	OK
201	3.608	2.138	OK
202	1.796	2.144	OK
203	1.758	2.145	OK
204	1.703	2.142	OK
205	1.813	2.150	OK
206	1.818	2.158	OK
207	1.723	2.156	OK
208	1.754	2.146	OK
209	3.689	2.150	OK
210	1.730	2.139	OK
211	3.614	2.140	OK
212	2.013	2.162	OK
213	1.806	2.166	OK
214	1.799	2.176	OK
215	1.747	2.169	OK
216	3.713	2.359	OK
217	1.695	2.356	OK
218	1.847	2.365	OK
219	1.792	2.176	OK
220	5.456	2.548	OK
221	2.071	2.394	OK
222	1.874	2.380	OK
223	1.991	2.399	OK
224	1.730	2.392	OK
225	1.753	2.392	OK
226	1.910	2.212	OK
227	3.694	2.412	OK
228	1.873	2.415	OK
229	1.781	2.413	OK
230	2.181	2.086	OK
231	5.440	2.423	OK
232	1.716	2.407	OK
233	1.744	2.382	OK
234	1.728	2.382	OK
235	1.777	2.384	OK
236	1.785	2.372	OK
237	1.729	2.175	OK
238	1.802	2.168	OK
239	1.785	2.169	OK
240	3.618	2.312	OK
241	1.720	1.940	OK
242	1.767	1.945	OK
243	1.740	1.945	OK
244	3.672	2.139	OK
245	1.759	2.138	OK
246	1.793	2.138	OK
247	1.713	2.137	OK
248	1.777	2.134	OK
249	3.615	2.317	OK
250	1.733	2.129	OK
251	3.569	2.314	OK
252	5.462	2.683	OK
253	1.889	2.698	OK
254	1.915	2.522	OK
255	3.638	2.710	OK
256	1.762	2.707	OK
257	3.623	2.898	OK
258	1.801	2.901	OK
259	1.834	2.723	OK
260	1.724	2.722	OK
261	1.820	2.547	OK
262	1.790	2.180	OK
263	1.775	2.168	OK
264	3.598	2.337	OK
265	1.787	2.151	OK
266	1.742	2.149	OK
267	1.752	1.962	OK
268	1.716	1.954	OK
269	1.697	1.940	OK
270	1.791	1.947	OK
271	1.743	1.939	OK
272	1.944	1.955	OK
273	1.736	1.951	OK
274	3.674	1.958	OK
275	3.622	2.142	OK
276	1.871	2.155	OK
277	3.445	2.324	OK
278	1.847	2.337	OK
279	1.772	2.344	OK
280	5.819	2.747	OK
281	1.721	2.745	OK
282	1.785	2.729	OK
283	1.767	2.732	OK
284	1.844	2.549	OK
285	3.950	2.582	OK
286	1.759	2.571	OK
287	1.833	2.410	OK
288	1.780	2.403	OK
289	1.962	2.422	OK
290	2.001	2.040	OK
291	1.732	2.041	OK
292	1.783	2.041	OK
293	1.751	2.039	OK
294	1.760	2.031	OK
295	2.004	1.836	OK
296	1.986	1.859	OK
297	4.305	2.106	OK
298	1.747	2.103	OK
299	3.631	2.270	OK
300	3.969	2.467	OK
301	1.770	2.471	OK
302	1.787	2.471	OK
303	1.720	2.468	OK
304	1.809	2.473	OK
305	1.786	2.451	OK
306	1.749	2.427	OK
307	1.847	2.181	OK
308	1.941	2.201	OK
309	1.737	2.011	OK
310	1.748	1.789	OK
311	3.071	1.919	OK
312	1.956	1.936	OK
313	1.968	1.961	OK
314	1.759	1.956	OK
315	1.801	1.958	OK
316	3.615	2.144	OK
317	1.788	2.138	OK
318	1.724	2.117	OK
319	2.038	2.147	OK
320	1.768	2.149	OK
321	1.787	2.020	OK
322	1.878	2.013	OK
323	1.734	1.989	OK
324	1.783	1.992	OK
325	1.879	1.999	OK
326	3.670	2.005	OK
327	1.794	2.005	OK
328	1.749	2.008	OK
329	1.759	1.980	OK
330	3.672	2.171	OK
331	1.740	2.166	OK
332	1.754	2.153	OK
333	1.765	2.156	OK
334	3.639	2.342	OK
335	1.770	2.331	OK
336	1.727	2.137	OK
337	1.765	2.134	OK
338	1.751	2.134	OK
339	1.857	2.144	OK
340	1.796	1.956	OK
341	2.043	1.987	OK
342	1.736	1.985	OK
343	3.687	2.177	OK
344	5.469	2.360	OK
345	1.958	2.379	OK
346	1.795	2.386	OK
347	1.874	2.397	OK
348	1.840	2.405	OK
349	1.997	2.419	OK
350	1.716	2.411	OK
351	1.744	2.381	OK
352	1.958	2.404	OK
353	1.743	2.209	OK
354	3.853	2.048	OK
355	1.743	2.026	OK
356	3.589	2.206	OK
357	1.785	2.197	OK
358	3.224	2.335	OK
359	1.729	2.309	OK
360	1.908	2.328	OK
361	2.339	2.387	OK
362	1.793	2.371	OK
363	1.992	2.396	OK
364	1.745	2.185	OK
365	1.811	2.191	OK
366	1.775	2.010	OK
367	1.738	2.005	OK
368	1.766	1.860	OK
369	2.511	1.938	OK
370	3.823	2.129	OK
371	2.394	2.135	OK
372	1.786	2.134	OK
373	2.494	2.184	OK
374	3.629	2.373	OK
375	1.815	2.373	OK
376	1.762	2.372	OK
377	2.471	2.445	OK
378	1.867	2.455	OK
379	1.953	2.399	OK
380	2.350	2.252	OK
381	3.700	2.383	OK
382	1.762	2.380	OK
383	3.621	2.493	OK
384	2.503	2.380	OK
385	1.787	2.378	OK
386	1.781	2.379	OK
387	5.528	2.685	OK
388	1.819	2.680	OK
389	3.634	2.848	OK
390	1.765	2.790	OK
391	2.281	2.648	OK
392	1.728	2.645	OK
393	1.775	2.460	OK
394	2.169	2.427	OK
395	1.762	2.424	OK
396	1.802	2.426	OK
397	1.739	2.047	OK
398	1.727	2.038	OK
399	1.785	1.853	OK

---- Final results ----
400 NS requests
0 failed requests
400 success requests
875.617 ellapsed time
