#req	time (sec)	avg. time (sec)	mapping
0	0.438	0.000	ERR
1	0.414	0.000	ERR
2	0.419	0.000	ERR
3	0.605	0.000	ERR
4	0.599	0.000	ERR
5	0.596	0.000	ERR
6	0.717	0.000	ERR
7	0.416	0.000	ERR
8	0.597	0.000	ERR
9	1.879	0.000	OK
10	0.595	0.684	ERR
11	0.598	0.702	ERR
12	0.457	0.706	ERR
13	0.417	0.687	ERR
14	0.880	0.715	ERR
15	0.566	0.712	ERR
16	0.571	0.698	ERR
17	0.300	0.686	ERR
18	0.568	0.683	ERR
19	0.417	0.537	ERR
20	0.422	0.520	ERR
21	0.610	0.521	ERR
22	0.604	0.535	ERR
23	0.434	0.537	ERR
24	0.913	0.540	ERR
25	0.890	0.573	ERR
26	1.841	0.700	OK
27	0.594	0.729	ERR
28	0.407	0.713	ERR
29	0.576	0.729	ERR
30	0.393	0.726	ERR
31	0.288	0.694	ERR
32	0.862	0.720	ERR
33	0.711	0.747	ERR
34	0.561	0.712	ERR
35	0.288	0.652	ERR
36	1.799	0.648	OK
37	0.415	0.630	ERR
38	0.404	0.630	ERR
39	0.574	0.629	ERR
40	0.867	0.677	ERR
41	0.545	0.703	ERR
42	0.567	0.673	ERR
43	0.545	0.657	ERR
44	0.562	0.657	ERR
45	0.695	0.697	ERR
46	0.441	0.562	ERR
47	0.862	0.606	ERR
48	0.552	0.621	ERR
49	0.700	0.634	ERR
50	0.535	0.600	ERR
51	0.539	0.600	ERR
52	0.722	0.615	ERR
53	1.891	0.750	OK
54	0.714	0.765	ERR
55	0.296	0.725	ERR
56	0.752	0.756	ERR
57	0.300	0.700	ERR
58	0.717	0.717	ERR
59	1.929	0.840	OK
60	0.695	0.856	ERR
61	0.575	0.859	ERR
62	0.903	0.877	ERR
63	0.562	0.744	ERR
64	0.575	0.730	ERR
65	0.700	0.771	ERR
66	0.862	0.782	ERR
67	0.709	0.823	ERR
68	0.417	0.793	ERR
69	0.426	0.642	ERR
70	0.439	0.617	ERR
71	0.868	0.646	ERR
72	0.564	0.612	ERR
73	0.299	0.586	ERR
74	0.564	0.585	ERR
75	0.438	0.559	ERR
76	0.298	0.502	ERR
77	0.885	0.520	ERR
78	1.847	0.663	OK
79	0.716	0.692	ERR
80	0.545	0.702	ERR
81	0.305	0.646	ERR
82	0.572	0.647	ERR
83	0.570	0.674	ERR
84	0.401	0.658	ERR
85	0.405	0.654	ERR
86	0.428	0.667	ERR
87	0.693	0.648	ERR
88	0.404	0.504	ERR
89	0.871	0.519	ERR
90	0.394	0.504	ERR
91	0.696	0.543	ERR
92	0.546	0.541	ERR
93	0.406	0.524	ERR
94	0.706	0.555	ERR
95	0.691	0.583	ERR
96	0.855	0.626	ERR
97	0.699	0.627	ERR
98	0.406	0.627	ERR
99	0.288	0.569	ERR
100	1.720	0.701	OK
101	0.559	0.688	ERR
102	0.693	0.702	ERR
103	0.448	0.706	ERR
104	0.863	0.722	ERR
105	0.430	0.696	ERR
106	0.426	0.653	ERR
107	0.459	0.629	ERR
108	0.879	0.676	ERR
109	1.873	0.835	OK
110	0.419	0.705	ERR
111	1.855	0.834	OK
112	0.615	0.827	ERR
113	0.445	0.826	ERR
114	0.564	0.797	ERR
115	0.574	0.811	ERR
116	0.453	0.814	ERR
117	0.586	0.826	ERR
118	0.418	0.780	ERR
119	0.877	0.681	ERR
120	0.729	0.712	ERR
121	0.878	0.614	ERR
122	0.852	0.638	ERR
123	0.718	0.665	ERR
124	0.892	0.698	ERR
125	0.313	0.672	ERR
126	0.563	0.683	ERR
127	1.930	0.817	OK
128	0.284	0.804	ERR
129	0.839	0.800	ERR
130	0.439	0.771	ERR
131	0.291	0.712	ERR
132	0.569	0.684	ERR
133	0.833	0.695	ERR
134	0.291	0.635	ERR
135	0.710	0.675	ERR
136	0.307	0.649	ERR
137	1.821	0.638	OK
138	0.291	0.639	ERR
139	0.868	0.642	ERR
140	0.540	0.652	ERR
141	0.584	0.681	ERR
142	0.855	0.710	ERR
143	0.558	0.683	ERR
144	0.427	0.696	ERR
145	0.570	0.682	ERR
146	0.432	0.695	ERR
147	1.846	0.697	OK
148	0.288	0.697	ERR
149	1.758	0.786	OK
150	0.717	0.804	ERR
151	0.569	0.802	ERR
152	0.405	0.757	ERR
153	1.702	0.871	OK
154	0.854	0.914	ERR
155	0.406	0.898	ERR
156	0.712	0.926	ERR
157	0.720	0.813	ERR
158	0.689	0.853	ERR
159	1.758	0.853	OK
160	0.715	0.853	ERR
161	0.591	0.855	ERR
162	1.805	0.995	OK
163	0.406	0.866	ERR
164	0.305	0.811	ERR
165	0.444	0.815	ERR
166	0.724	0.816	ERR
167	0.464	0.790	ERR
168	0.136	0.735	ERR
169	0.421	0.601	ERR
170	0.596	0.589	ERR
171	0.418	0.572	ERR
172	0.740	0.466	ERR
173	0.595	0.484	ERR
174	0.873	0.541	ERR
175	0.285	0.525	ERR
176	0.556	0.508	ERR
177	0.406	0.502	ERR
178	0.851	0.574	ERR
179	0.854	0.617	ERR
180	0.549	0.613	ERR
181	0.405	0.611	ERR
182	0.688	0.606	ERR
183	0.573	0.604	ERR
184	0.288	0.545	ERR
185	0.700	0.587	ERR
186	0.710	0.602	ERR
187	0.404	0.602	ERR
188	0.404	0.558	ERR
189	0.708	0.543	ERR
190	1.735	0.662	OK
191	0.401	0.661	ERR
192	0.574	0.650	ERR
193	0.580	0.651	ERR
194	0.827	0.704	ERR
195	0.740	0.708	ERR
196	0.583	0.696	ERR
197	0.746	0.730	ERR
198	0.624	0.752	ERR
199	0.857	0.767	ERR
200	0.713	0.665	ERR
201	0.421	0.667	ERR
202	0.419	0.651	ERR
203	0.568	0.650	ERR
204	0.719	0.639	ERR
205	0.602	0.625	ERR
206	0.423	0.609	ERR
207	0.418	0.576	ERR
208	0.866	0.601	ERR
209	0.575	0.572	ERR
210	0.597	0.561	ERR
211	1.797	0.698	OK
212	0.300	0.686	ERR
213	0.306	0.660	ERR
214	0.433	0.632	ERR
215	0.574	0.629	ERR
216	0.698	0.656	ERR
217	0.395	0.654	ERR
218	0.842	0.652	ERR
219	0.406	0.635	ERR
220	0.709	0.646	ERR
221	0.314	0.498	ERR
222	0.588	0.526	ERR
223	0.466	0.542	ERR
224	0.300	0.529	ERR
225	1.891	0.661	OK
226	0.577	0.649	ERR
227	0.901	0.699	ERR
228	0.748	0.690	ERR
229	0.878	0.737	ERR
230	0.884	0.755	ERR
231	0.717	0.795	ERR
232	0.581	0.794	ERR
233	0.582	0.806	ERR
234	0.567	0.832	ERR
235	0.893	0.733	ERR
236	1.891	0.864	OK
237	0.603	0.834	ERR
238	0.575	0.817	ERR
239	0.878	0.817	ERR
240	0.597	0.788	ERR
241	1.990	0.916	OK
242	0.737	0.931	ERR
243	0.590	0.932	ERR
244	0.423	0.918	ERR
245	1.827	1.011	OK
246	0.288	0.851	ERR
247	0.706	0.861	ERR
248	0.545	0.858	ERR
249	0.448	0.815	ERR
250	0.289	0.784	ERR
251	0.400	0.625	ERR
252	0.549	0.607	ERR
253	0.704	0.618	ERR
254	0.564	0.632	ERR
255	0.446	0.494	ERR
256	0.409	0.506	ERR
257	0.292	0.465	ERR
258	0.431	0.453	ERR
259	0.547	0.463	ERR
260	0.553	0.489	ERR
261	0.881	0.538	ERR
262	0.302	0.513	ERR
263	0.622	0.505	ERR
264	0.425	0.491	ERR
265	0.406	0.487	ERR
266	0.695	0.515	ERR
267	0.688	0.555	ERR
268	1.833	0.695	OK
269	1.736	0.814	OK
270	0.599	0.819	ERR
271	1.770	0.908	OK
272	0.551	0.932	ERR
273	0.572	0.928	ERR
274	0.689	0.954	ERR
275	0.452	0.958	ERR
276	0.736	0.963	ERR
277	0.316	0.925	ERR
278	0.287	0.771	ERR
279	0.858	0.683	ERR
280	0.289	0.652	ERR
281	0.704	0.545	ERR
282	0.672	0.557	ERR
283	0.716	0.572	ERR
284	0.406	0.543	ERR
285	0.291	0.527	ERR
286	0.706	0.524	ERR
287	0.277	0.520	ERR
288	0.428	0.535	ERR
289	0.549	0.504	ERR
290	0.271	0.502	ERR
291	0.703	0.502	ERR
292	0.571	0.492	ERR
293	0.571	0.477	ERR
294	0.608	0.498	ERR
295	0.606	0.529	ERR
296	0.435	0.502	ERR
297	0.884	0.563	ERR
298	0.289	0.549	ERR
299	0.308	0.525	ERR
300	0.698	0.567	ERR
301	1.786	0.676	OK
302	0.419	0.660	ERR
303	0.694	0.673	ERR
304	0.593	0.671	ERR
305	0.688	0.679	ERR
306	1.924	0.828	OK
307	0.569	0.797	ERR
308	0.714	0.839	ERR
309	1.936	1.002	OK
310	0.422	0.974	ERR
311	0.422	0.838	ERR
312	0.587	0.855	ERR
313	0.311	0.817	ERR
314	0.866	0.844	ERR
315	0.432	0.818	ERR
316	0.571	0.683	ERR
317	0.305	0.656	ERR
318	0.678	0.653	ERR
319	1.820	0.641	OK
320	0.566	0.656	ERR
321	0.574	0.671	ERR
322	1.829	0.795	OK
323	0.587	0.823	ERR
324	0.745	0.811	ERR
325	0.713	0.839	ERR
326	0.438	0.825	ERR
327	0.698	0.865	ERR
328	0.709	0.868	ERR
329	0.290	0.715	ERR
330	0.409	0.699	ERR
331	0.271	0.669	ERR
332	0.578	0.544	ERR
333	0.697	0.555	ERR
334	0.548	0.535	ERR
335	0.696	0.533	ERR
336	0.748	0.564	ERR
337	0.559	0.550	ERR
338	0.291	0.509	ERR
339	0.408	0.520	ERR
340	0.877	0.567	ERR
341	0.418	0.582	ERR
342	0.301	0.554	ERR
343	0.426	0.527	ERR
344	0.406	0.513	ERR
345	0.567	0.500	ERR
346	0.713	0.496	ERR
347	0.433	0.484	ERR
348	0.839	0.539	ERR
349	0.588	0.557	ERR
350	0.835	0.552	ERR
351	0.698	0.580	ERR
352	0.564	0.607	ERR
353	0.446	0.609	ERR
354	0.310	0.599	ERR
355	0.594	0.602	ERR
356	0.534	0.584	ERR
357	0.578	0.599	ERR
358	0.548	0.570	ERR
359	0.414	0.552	ERR
360	1.764	0.645	OK
361	0.724	0.648	ERR
362	0.560	0.647	ERR
363	0.306	0.633	ERR
364	0.829	0.685	ERR
365	1.790	0.805	OK
366	0.857	0.837	ERR
367	0.557	0.835	ERR
368	0.705	0.850	ERR
369	0.430	0.852	ERR
370	0.407	0.716	ERR
371	0.702	0.714	ERR
372	0.731	0.731	ERR
373	0.705	0.771	ERR
374	0.867	0.775	ERR
375	0.407	0.637	ERR
376	0.396	0.591	ERR
377	0.830	0.618	ERR
378	1.855	0.733	OK
379	1.785	0.868	OK
380	0.599	0.888	ERR
381	0.832	0.901	ERR
382	0.550	0.883	ERR
383	0.839	0.896	ERR
384	0.707	0.880	ERR
385	0.851	0.924	ERR
386	0.835	0.968	ERR
387	0.553	0.941	ERR
388	1.791	0.934	OK
389	0.553	0.811	ERR
390	0.556	0.807	ERR
391	0.292	0.753	ERR
392	0.563	0.754	ERR
393	0.271	0.697	ERR
394	0.684	0.695	ERR
395	0.274	0.637	ERR
396	0.848	0.639	ERR
397	0.838	0.667	ERR
398	0.556	0.544	ERR
399	0.853	0.574	ERR

---- Final results ----
400 NS requests
365 failed requests
35 success requests
272.403 ellapsed time
