not created yet
  -> start multidomain generation at: Mon, 28 Aug 2017 17:49:59 +0000
## ATTACH FAT TREE ##
  -> GW: 0
## ATTACH FAT TREE ##
  -> GW: 1
## ATTACH FAT TREE ##
  -> GW: 2
## ATTACH FAT TREE ##
  -> GW: 3
## ATTACH FAT TREE ##
  -> GW: 4
## ATTACH FAT TREE ##
  -> GW: 5
## ATTACH FAT TREE ##
  -> GW: 6
## ATTACH FAT TREE ##
  -> GW: 7
## ATTACH FAT TREE ##
  -> GW: 8
## ATTACH FAT TREE ##
  -> GW: 9
## ATTACH FAT TREE ##
  -> GW: 10
## ATTACH FAT TREE ##
  -> GW: 11
## ATTACH FAT TREE ##
  -> GW: 12
## ATTACH FAT TREE ##
  -> GW: 13
## ATTACH FAT TREE ##
  -> GW: 14
## ATTACH FAT TREE ##
  -> GW: 15
## ATTACH FAT TREE ##
  -> GW: 16
## ATTACH FAT TREE ##
  -> GW: 17
## ATTACH FAT TREE ##
  -> GW: 18
## ATTACH FAT TREE ##
  -> GW: 19
## CREATE DOMAIN VIEW ##
  -> domain: 0
## CREATE DOMAIN VIEW ##
  -> domain: 1
## CREATE DOMAIN VIEW ##
  -> domain: 2
## CREATE DOMAIN VIEW ##
  -> domain: 3
## CREATE DOMAIN VIEW ##
  -> domain: 4
## CREATE DOMAIN VIEW ##
  -> domain: 5
## CREATE DOMAIN VIEW ##
  -> domain: 6
## CREATE DOMAIN VIEW ##
  -> domain: 7
## CREATE DOMAIN VIEW ##
  -> domain: 8
## CREATE DOMAIN VIEW ##
  -> domain: 9
## CREATE DOMAIN VIEW ##
  -> domain: 10
## CREATE DOMAIN VIEW ##
  -> domain: 11
## CREATE DOMAIN VIEW ##
  -> domain: 12
## CREATE DOMAIN VIEW ##
  -> domain: 13
## CREATE DOMAIN VIEW ##
  -> domain: 14
## CREATE DOMAIN VIEW ##
  -> domain: 15
## CREATE DOMAIN VIEW ##
  -> domain: 16
## CREATE DOMAIN VIEW ##
  -> domain: 17
## CREATE DOMAIN VIEW ##
  -> domain: 18
## CREATE DOMAIN VIEW ##
  -> domain: 19
## ISSUE MESH BANDWIDTH ##
  -> link: (6,9)
  -> link: (10,17)
  -> link: (7,12)
  -> link: (1,17)
  -> link: (0,7)
  -> link: (13,17)
  -> link: (14,17)
  -> link: (1,6)
  -> link: (0,10)
  -> link: (3,7)
  -> link: (2,5)
  -> link: (1,11)
  -> link: (5,8)
  -> link: (6,7)
  -> link: (4,19)
  -> link: (6,10)
  -> link: (5,18)
  -> link: (10,18)
  -> link: (0,17)
  -> link: (7,19)
  -> link: (12,17)
  -> link: (0,4)
  -> link: (8,15)
  -> link: (4,10)
  -> link: (2,6)
  -> link: (9,14)
  -> link: (15,18)
  -> link: (5,11)
  -> link: (4,5)
  -> link: (10,13)
  -> link: (4,16)
  -> link: (9,16)
  -> link: (14,15)
  -> link: (16,19)
  -> link: (17,18)
  -> link: (2,17)
  -> link: (14,16)
  -> link: (0,1)
  -> link: (3,12)
  -> link: (1,12)
  -> link: (8,12)
  -> link: (4,15)
  -> link: (2,11)
  -> link: (5,14)
  -> link: (14,18)
  -> link: (3,18)
  -> link: (10,14)
  -> link: (8,18)
  -> link: (6,13)
  -> link: (11,15)
  -> link: (9,19)
  -> link: (7,8)
  -> link: (6,16)
  -> link: (11,16)
  -> link: (2,18)
  -> link: (0,14)
  -> link: (3,11)
  -> link: (1,15)
  -> link: (8,9)
  -> link: (4,12)
  -> link: (2,12)
  -> link: (15,19)
  -> link: (3,17)
  -> link: (6,14)
  -> link: (7,15)
  -> link: (12,13)
  -> link: (1,16)
  -> link: (13,16)
  -> link: (1,5)
  -> link: (0,11)
  -> link: (3,6)
  -> link: (1,10)
  -> link: (6,11)
  -> link: (5,17)
  -> link: (10,19)
  -> link: (0,18)
  -> link: (7,18)
  -> link: (12,18)
  -> link: (1,19)
  -> link: (0,5)
  -> link: (13,19)
  -> link: (0,8)
  -> link: (4,11)
  -> link: (3,5)
  -> link: (2,7)
  -> link: (9,13)
  -> link: (5,10)
  -> link: (4,6)
  -> link: (15,16)
  -> link: (5,7)
  -> link: (4,17)
  -> link: (7,17)
  -> link: (14,19)
  -> link: (0,2)
  -> link: (3,15)
  -> link: (1,3)
  -> link: (8,13)
  -> link: (4,8)
  -> link: (2,8)
  -> link: (5,13)
  -> link: (10,15)
  -> link: (8,19)
  -> link: (11,14)
  -> link: (9,18)
  -> link: (7,11)
  -> link: (6,17)
  -> link: (11,19)
  -> link: (16,17)
  -> link: (2,19)
  -> link: (0,15)
  -> link: (3,10)
  -> link: (1,14)
  -> link: (8,10)
  -> link: (4,13)
  -> link: (2,13)
  -> link: (9,11)
  -> link: (3,16)
  -> link: (8,16)
  -> link: (6,15)
  -> link: (11,13)
  -> link: (7,14)
  -> link: (6,18)
  -> link: (12,14)
  -> link: (13,15)
  -> link: (1,4)
  -> link: (0,12)
  -> link: (3,9)
  -> link: (2,3)
  -> link: (1,9)
  -> link: (2,14)
  -> link: (6,8)
  -> link: (5,16)
  -> link: (10,16)
  -> link: (0,19)
  -> link: (7,13)
  -> link: (12,19)
  -> link: (1,18)
  -> link: (0,6)
  -> link: (13,18)
  -> link: (15,17)
  -> link: (1,7)
  -> link: (0,9)
  -> link: (3,4)
  -> link: (2,4)
  -> link: (9,12)
  -> link: (5,9)
  -> link: (4,7)
  -> link: (10,11)
  -> link: (5,6)
  -> link: (4,18)
  -> link: (5,19)
  -> link: (18,19)
  -> link: (0,16)
  -> link: (7,16)
  -> link: (12,16)
  -> link: (0,3)
  -> link: (3,14)
  -> link: (1,2)
  -> link: (8,14)
  -> link: (4,9)
  -> link: (2,9)
  -> link: (9,15)
  -> link: (5,12)
  -> link: (10,12)
  -> link: (9,17)
  -> link: (7,10)
  -> link: (11,18)
  -> link: (16,18)
  -> link: (2,16)
  -> link: (17,19)
  -> link: (3,13)
  -> link: (1,13)
  -> link: (8,11)
  -> link: (4,14)
  -> link: (2,10)
  -> link: (9,10)
  -> link: (5,15)
  -> link: (3,19)
  -> link: (8,17)
  -> link: (6,12)
  -> link: (11,12)
  -> link: (7,9)
  -> link: (6,19)
  -> link: (12,15)
  -> link: (11,17)
  -> link: (13,14)
  -> link: (0,13)
  -> link: (3,8)
  -> link: (1,8)
  -> link: (2,15)
## ISSUE FAT TREE RESOURCES ##
  -> issuing domain 0
  -> setting proportions
  -> assigning resources for:
    - domain: 0
    - domain: 1
    - domain: 2
    - domain: 3
    - domain: 4
    - domain: 5
    - domain: 6
    - domain: 7
    - domain: 8
    - domain: 9
    - domain: 10
    - domain: 11
    - domain: 12
    - domain: 13
    - domain: 14
    - domain: 15
    - domain: 16
    - domain: 17
    - domain: 18
    - domain: 19
  -> issuing domain 1
  -> setting proportions
  -> assigning resources for:
    - domain: 0
    - domain: 1
    - domain: 2
    - domain: 3
    - domain: 4
    - domain: 5
    - domain: 6
    - domain: 7
    - domain: 8
    - domain: 9
    - domain: 10
    - domain: 11
    - domain: 12
    - domain: 13
    - domain: 14
    - domain: 15
    - domain: 16
    - domain: 17
    - domain: 18
    - domain: 19
  -> issuing domain 2
  -> setting proportions
  -> assigning resources for:
    - domain: 0
    - domain: 1
    - domain: 2
    - domain: 3
    - domain: 4
    - domain: 5
    - domain: 6
    - domain: 7
    - domain: 8
    - domain: 9
    - domain: 10
    - domain: 11
    - domain: 12
    - domain: 13
    - domain: 14
    - domain: 15
    - domain: 16
    - domain: 17
    - domain: 18
    - domain: 19
  -> issuing domain 3
  -> setting proportions
  -> assigning resources for:
    - domain: 0
    - domain: 1
    - domain: 2
    - domain: 3
    - domain: 4
    - domain: 5
    - domain: 6
    - domain: 7
    - domain: 8
    - domain: 9
    - domain: 10
    - domain: 11
    - domain: 12
    - domain: 13
    - domain: 14
    - domain: 15
    - domain: 16
    - domain: 17
    - domain: 18
    - domain: 19
  -> issuing domain 4
  -> setting proportions
  -> assigning resources for:
    - domain: 0
    - domain: 1
    - domain: 2
    - domain: 3
    - domain: 4
    - domain: 5
    - domain: 6
    - domain: 7
    - domain: 8
    - domain: 9
    - domain: 10
    - domain: 11
    - domain: 12
    - domain: 13
    - domain: 14
    - domain: 15
    - domain: 16
    - domain: 17
    - domain: 18
    - domain: 19
  -> issuing domain 5
  -> setting proportions
  -> assigning resources for:
    - domain: 0
    - domain: 1
    - domain: 2
    - domain: 3
    - domain: 4
    - domain: 5
    - domain: 6
    - domain: 7
    - domain: 8
    - domain: 9
    - domain: 10
    - domain: 11
    - domain: 12
    - domain: 13
    - domain: 14
    - domain: 15
    - domain: 16
    - domain: 17
    - domain: 18
    - domain: 19
  -> issuing domain 6
  -> setting proportions
  -> assigning resources for:
    - domain: 0
    - domain: 1
    - domain: 2
    - domain: 3
    - domain: 4
    - domain: 5
    - domain: 6
    - domain: 7
    - domain: 8
    - domain: 9
    - domain: 10
    - domain: 11
    - domain: 12
    - domain: 13
    - domain: 14
    - domain: 15
    - domain: 16
    - domain: 17
    - domain: 18
    - domain: 19
  -> issuing domain 7
  -> setting proportions
  -> assigning resources for:
    - domain: 0
    - domain: 1
    - domain: 2
    - domain: 3
    - domain: 4
    - domain: 5
    - domain: 6
    - domain: 7
    - domain: 8
    - domain: 9
    - domain: 10
    - domain: 11
    - domain: 12
    - domain: 13
    - domain: 14
    - domain: 15
    - domain: 16
    - domain: 17
    - domain: 18
    - domain: 19
  -> issuing domain 8
  -> setting proportions
  -> assigning resources for:
    - domain: 0
    - domain: 1
    - domain: 2
    - domain: 3
    - domain: 4
    - domain: 5
    - domain: 6
    - domain: 7
    - domain: 8
    - domain: 9
    - domain: 10
    - domain: 11
    - domain: 12
    - domain: 13
    - domain: 14
    - domain: 15
    - domain: 16
    - domain: 17
    - domain: 18
    - domain: 19
  -> issuing domain 9
  -> setting proportions
  -> assigning resources for:
    - domain: 0
    - domain: 1
    - domain: 2
    - domain: 3
    - domain: 4
    - domain: 5
    - domain: 6
    - domain: 7
    - domain: 8
    - domain: 9
    - domain: 10
    - domain: 11
    - domain: 12
    - domain: 13
    - domain: 14
    - domain: 15
    - domain: 16
    - domain: 17
    - domain: 18
    - domain: 19
  -> issuing domain 10
  -> setting proportions
  -> assigning resources for:
    - domain: 0
    - domain: 1
    - domain: 2
    - domain: 3
    - domain: 4
    - domain: 5
    - domain: 6
    - domain: 7
    - domain: 8
    - domain: 9
    - domain: 10
    - domain: 11
    - domain: 12
    - domain: 13
    - domain: 14
    - domain: 15
    - domain: 16
    - domain: 17
    - domain: 18
    - domain: 19
  -> issuing domain 11
  -> setting proportions
  -> assigning resources for:
    - domain: 0
    - domain: 1
    - domain: 2
    - domain: 3
    - domain: 4
    - domain: 5
    - domain: 6
    - domain: 7
    - domain: 8
    - domain: 9
    - domain: 10
    - domain: 11
    - domain: 12
    - domain: 13
    - domain: 14
    - domain: 15
    - domain: 16
    - domain: 17
    - domain: 18
    - domain: 19
  -> issuing domain 12
  -> setting proportions
  -> assigning resources for:
    - domain: 0
    - domain: 1
    - domain: 2
    - domain: 3
    - domain: 4
    - domain: 5
    - domain: 6
    - domain: 7
    - domain: 8
    - domain: 9
    - domain: 10
    - domain: 11
    - domain: 12
    - domain: 13
    - domain: 14
    - domain: 15
    - domain: 16
    - domain: 17
    - domain: 18
    - domain: 19
  -> issuing domain 13
  -> setting proportions
  -> assigning resources for:
    - domain: 0
    - domain: 1
    - domain: 2
    - domain: 3
    - domain: 4
    - domain: 5
    - domain: 6
    - domain: 7
    - domain: 8
    - domain: 9
    - domain: 10
    - domain: 11
    - domain: 12
    - domain: 13
    - domain: 14
    - domain: 15
    - domain: 16
    - domain: 17
    - domain: 18
    - domain: 19
  -> issuing domain 14
  -> setting proportions
  -> assigning resources for:
    - domain: 0
    - domain: 1
    - domain: 2
    - domain: 3
    - domain: 4
    - domain: 5
    - domain: 6
    - domain: 7
    - domain: 8
    - domain: 9
    - domain: 10
    - domain: 11
    - domain: 12
    - domain: 13
    - domain: 14
    - domain: 15
    - domain: 16
    - domain: 17
    - domain: 18
    - domain: 19
  -> issuing domain 15
  -> setting proportions
  -> assigning resources for:
    - domain: 0
    - domain: 1
    - domain: 2
    - domain: 3
    - domain: 4
    - domain: 5
    - domain: 6
    - domain: 7
    - domain: 8
    - domain: 9
    - domain: 10
    - domain: 11
    - domain: 12
    - domain: 13
    - domain: 14
    - domain: 15
    - domain: 16
    - domain: 17
    - domain: 18
    - domain: 19
  -> issuing domain 16
  -> setting proportions
  -> assigning resources for:
    - domain: 0
    - domain: 1
    - domain: 2
    - domain: 3
    - domain: 4
    - domain: 5
    - domain: 6
    - domain: 7
    - domain: 8
    - domain: 9
    - domain: 10
    - domain: 11
    - domain: 12
    - domain: 13
    - domain: 14
    - domain: 15
    - domain: 16
    - domain: 17
    - domain: 18
    - domain: 19
  -> issuing domain 17
  -> setting proportions
  -> assigning resources for:
    - domain: 0
    - domain: 1
    - domain: 2
    - domain: 3
    - domain: 4
    - domain: 5
    - domain: 6
    - domain: 7
    - domain: 8
    - domain: 9
    - domain: 10
    - domain: 11
    - domain: 12
    - domain: 13
    - domain: 14
    - domain: 15
    - domain: 16
    - domain: 17
    - domain: 18
    - domain: 19
  -> issuing domain 18
  -> setting proportions
  -> assigning resources for:
    - domain: 0
    - domain: 1
    - domain: 2
    - domain: 3
    - domain: 4
    - domain: 5
    - domain: 6
    - domain: 7
    - domain: 8
    - domain: 9
    - domain: 10
    - domain: 11
    - domain: 12
    - domain: 13
    - domain: 14
    - domain: 15
    - domain: 16
    - domain: 17
    - domain: 18
    - domain: 19
  -> issuing domain 19
  -> setting proportions
  -> assigning resources for:
    - domain: 0
    - domain: 1
    - domain: 2
    - domain: 3
    - domain: 4
    - domain: 5
    - domain: 6
    - domain: 7
    - domain: 8
    - domain: 9
    - domain: 10
    - domain: 11
    - domain: 12
    - domain: 13
    - domain: 14
    - domain: 15
    - domain: 16
    - domain: 17
    - domain: 18
    - domain: 19
  -> finished multidomain generation at: Mon, 28 Aug 2017 17:50:01 +0000
foreignPods[16]: {u'11': [1, 2, 3, 4], u'13': [1], u'12': [1, 2, 3, 4], u'15': [1, 3, 4], u'17': [3, 4], u'18': [1, 3, 4], u'3': [1, 3, 4], u'4': [1, 2, 3, 4], u'9': [2, 3]}
  -> finished multidomain write at: Mon, 28 Aug 2017 17:50:01 +0000
#req	time (sec)	avg. time (sec)	mapping
0	12.410	0.000	OK
1	4.729	0.000	OK
2	7.751	0.000	OK
3	12.343	0.000	OK
4	5.664	0.000	OK
5	8.862	0.000	OK
6	6.892	0.000	OK
7	12.575	0.000	OK
8	8.302	0.000	OK
9	10.695	0.000	OK
10	12.305	9.012	OK
11	10.283	9.567	OK
12	2.727	9.065	OK
13	2.125	8.043	OK
14	0.874	7.564	OK
15	10.358	7.714	OK
16	9.720	7.996	OK
17	1.313	6.870	OK
18	13.636	7.404	OK
19	10.621	7.396	OK
20	4.464	6.612	OK
21	6.249	6.209	OK
22	1.137	6.050	OK
23	2.691	6.106	OK
24	6.381	6.657	OK
25	7.330	6.354	OK
26	1.563	5.538	OK
27	13.617	6.769	OK
28	4.569	5.862	OK
29	12.521	6.052	OK
30	1.877	5.793	OK
31	1.912	5.360	OK
32	7.691	6.015	OK
33	9.626	6.709	OK
34	3.442	6.415	OK
35	1.275	5.809	OK
36	16.246	7.278	OK
37	0.903	6.006	OK
38	20.991	7.648	OK
39	1.920	6.588	OK
40	0.309	6.432	ERR
41	0.950	6.335	OK
42	0.422	5.608	ERR
43	3.809	5.027	OK
44	2.277	4.910	OK
45	8.540	5.637	OK
46	18.559	5.868	OK
47	5.759	6.354	OK
48	11.419	5.396	OK
49	13.481	6.552	OK
50	9.402	7.462	OK
51	8.878	8.255	OK
52	5.318	8.744	OK
53	8.093	9.172	OK
54	5.193	9.464	OK
55	8.363	9.446	OK
56	10.112	8.602	OK
57	6.896	8.715	OK
58	3.364	7.910	OK
59	3.603	6.922	OK
60	2.670	6.249	OK
61	5.769	5.938	OK
62	1.644	5.571	OK
63	11.538	5.915	OK
64	3.958	5.792	OK
65	1.381	5.093	OK
66	16.334	5.716	OK
67	17.635	6.789	OK
68	15.473	8.000	OK
69	1.844	7.825	OK
70	15.557	9.113	OK
71	2.883	8.825	OK
72	8.880	9.548	OK
73	0.468	8.441	ERR
74	15.227	9.568	OK
75	1.453	9.575	OK
76	12.182	9.160	OK
77	9.315	8.328	OK
78	1.919	6.973	OK
79	1.697	6.958	OK
80	1.238	5.526	OK
81	13.528	6.591	OK
82	10.303	6.733	OK
83	14.928	8.179	OK
84	9.790	7.635	OK
85	7.972	8.287	OK
86	1.242	7.193	OK
87	12.781	7.540	OK
88	11.999	8.548	OK
89	26.736	11.052	OK
90	4.725	11.400	OK
91	13.011	11.349	OK
92	10.308	11.349	OK
93	6.250	10.481	OK
94	12.630	10.765	OK
95	8.140	10.782	OK
96	9.985	11.656	OK
97	5.315	10.910	OK
98	8.487	10.559	OK
99	12.699	9.155	OK
100	1.409	8.823	OK
101	16.406	9.163	OK
102	3.051	8.437	OK
103	7.447	8.557	OK
104	5.849	7.879	OK
105	1.468	7.212	OK
106	6.851	6.898	OK
107	4.996	6.866	OK
108	7.730	6.791	OK
109	11.093	6.630	OK
110	1.536	6.643	OK
111	15.384	6.541	OK
112	14.002	7.636	OK
113	8.663	7.757	OK
114	4.911	7.663	OK
115	17.375	9.254	OK
116	1.710	8.740	OK
117	19.651	10.205	OK
118	3.778	9.810	OK
119	8.258	9.527	OK
120	6.091	9.982	OK
121	9.656	9.409	OK
122	6.457	8.655	OK
123	4.695	8.258	OK
124	10.038	8.771	OK
125	11.157	8.149	OK
126	0.810	8.059	OK
127	1.931	6.287	OK
128	11.449	7.054	OK
129	15.614	7.790	OK
130	4.673	7.648	OK
131	9.046	7.587	OK
132	8.710	7.812	OK
133	28.490	10.192	OK
134	13.565	10.544	OK
135	11.573	10.586	OK
136	17.083	12.213	OK
137	5.645	12.585	OK
138	14.104	12.850	OK
139	11.310	12.420	OK
140	13.914	13.344	OK
141	19.693	14.409	OK
142	11.053	14.643	OK
143	8.649	12.659	OK
144	13.106	12.613	OK
145	9.508	12.406	OK
146	16.013	12.299	OK
147	1.721	11.907	OK
148	1.989	10.695	OK
149	14.654	11.030	OK
150	9.922	10.631	OK
151	5.614	9.223	OK
152	13.618	9.479	OK
153	17.163	10.331	OK
154	2.031	9.223	OK
155	20.331	10.305	OK
156	19.988	10.703	OK
157	19.041	12.435	OK
158	3.313	12.567	OK
159	15.166	12.619	OK
160	9.597	12.586	OK
161	7.688	12.794	OK
162	11.659	12.598	OK
163	5.732	11.455	OK
164	12.293	12.481	OK
165	9.214	11.369	OK
166	7.657	10.136	OK
167	6.777	8.910	OK
168	6.478	9.226	OK
169	3.885	8.098	OK
170	11.494	8.288	OK
171	5.674	8.086	OK
172	9.582	7.878	OK
173	11.101	8.415	OK
174	7.961	7.982	OK
175	3.307	7.392	OK
176	3.571	6.983	OK
177	12.028	7.508	OK
178	16.364	8.497	OK
179	1.246	8.233	ERR
180	8.564	7.940	OK
181	1.554	7.528	OK
182	7.072	7.277	OK
183	14.342	7.601	OK
184	6.942	7.499	OK
185	5.936	7.762	OK
186	13.862	8.791	OK
187	12.594	8.847	OK
188	2.444	7.455	OK
189	7.455	8.076	OK
190	16.767	8.897	OK
191	15.379	10.279	OK
192	6.812	10.253	OK
193	16.094	10.428	OK
194	13.025	11.037	OK
195	11.908	11.634	OK
196	17.457	11.993	OK
197	1.070	10.841	OK
198	15.512	12.148	OK
199	9.513	12.354	OK
200	9.006	11.578	OK
201	0.376	10.077	ERR
202	1.991	9.595	OK
203	16.129	9.599	OK
204	5.204	8.817	OK
205	8.045	8.430	OK
206	7.587	7.443	OK
207	11.379	8.474	OK
208	9.250	7.848	OK
209	8.888	7.786	OK
210	11.589	8.044	OK
211	2.095	8.216	OK
212	1.449	8.161	OK
213	0.956	6.644	ERR
214	2.108	6.335	OK
215	14.839	7.014	OK
216	15.472	7.803	OK
217	7.985	7.463	OK
218	15.705	8.109	OK
219	10.183	8.238	OK
220	6.784	7.758	OK
221	15.755	9.124	OK
222	1.904	9.169	OK
223	1.473	9.221	OK
224	16.248	10.635	OK
225	1.530	9.304	OK
226	12.246	8.981	OK
227	9.926	9.175	OK
228	12.026	8.807	OK
229	18.725	9.661	OK
230	7.397	9.723	OK
231	0.821	8.229	OK
232	19.009	9.940	OK
233	8.033	10.596	OK
234	10.663	10.037	OK
235	6.100	10.494	OK
236	7.956	10.065	OK
237	12.561	10.329	OK
238	1.076	9.234	OK
239	5.202	7.882	OK
240	10.074	8.149	OK
241	0.326	8.100	ERR
242	13.800	7.579	OK
243	0.300	6.806	ERR
244	17.133	7.453	OK
245	12.032	8.046	OK
246	9.186	8.169	OK
247	15.033	8.416	OK
248	22.058	10.514	OK
249	15.165	11.511	OK
250	12.451	11.748	OK
251	6.296	12.345	OK
252	6.722	11.638	OK
253	17.323	13.340	OK
254	11.716	12.798	OK
255	10.331	12.628	OK
256	9.687	12.678	OK
257	9.605	12.136	OK
258	6.496	10.579	OK
259	6.009	9.664	OK
260	7.536	9.172	OK
261	10.612	9.604	OK
262	12.251	10.157	OK
263	0.894	8.514	ERR
264	15.369	8.879	OK
265	12.373	9.083	OK
266	1.211	8.236	OK
267	10.441	8.319	OK
268	6.922	8.362	OK
269	16.734	9.434	OK
270	1.214	8.802	OK
271	13.098	9.051	OK
272	9.133	8.739	OK
273	1.235	8.773	OK
274	13.906	8.627	OK
275	7.992	8.189	OK
276	0.335	8.101	ERR
277	4.708	7.528	OK
278	20.208	8.856	OK
279	8.873	8.070	OK
280	18.709	9.820	OK
281	11.937	9.704	OK
282	18.572	10.648	OK
283	14.488	11.973	OK
284	13.363	11.919	OK
285	9.572	12.077	OK
286	0.461	12.089	ERR
287	14.707	13.089	OK
288	1.225	11.191	ERR
289	11.363	11.440	OK
290	13.457	10.915	OK
291	6.369	10.358	OK
292	13.360	9.836	OK
293	8.935	9.281	OK
294	7.710	8.716	OK
295	9.843	8.743	OK
296	7.609	9.458	OK
297	8.367	8.824	OK
298	7.041	9.405	OK
299	17.642	10.033	OK
300	9.143	9.602	OK
301	11.586	10.124	OK
302	15.608	10.348	OK
303	5.091	9.964	OK
304	6.687	9.862	OK
305	10.995	9.977	OK
306	2.125	9.428	OK
307	10.197	9.611	OK
308	10.797	9.987	OK
309	10.281	9.251	OK
310	0.376	8.374	ERR
311	13.138	8.529	OK
312	10.884	8.057	OK
313	18.019	9.350	OK
314	21.982	10.879	OK
315	11.003	10.880	OK
316	15.571	12.225	OK
317	12.845	12.490	OK
318	18.580	13.268	OK
319	7.612	13.001	OK
320	1.653	13.129	ERR
321	8.623	12.677	OK
322	12.156	12.804	OK
323	12.030	12.205	OK
324	11.784	11.186	OK
325	0.781	10.163	OK
326	12.919	9.898	OK
327	19.283	10.542	OK
328	19.547	10.639	OK
329	12.726	11.150	OK
330	9.403	11.925	OK
331	2.356	11.298	OK
332	16.472	11.730	OK
333	17.079	12.235	OK
334	10.446	12.101	OK
335	6.599	12.683	OK
336	0.421	11.433	ERR
337	10.199	10.525	OK
338	0.671	8.637	ERR
339	9.022	8.267	OK
340	0.348	7.361	ERR
341	4.906	7.616	OK
342	1.978	6.167	ERR
343	14.160	5.875	OK
344	16.971	6.528	OK
345	14.752	7.343	OK
346	13.421	8.643	OK
347	13.624	8.985	OK
348	1.019	9.020	OK
349	1.663	8.284	ERR
350	16.976	9.947	OK
351	17.545	11.211	OK
352	16.622	12.675	OK
353	3.371	11.596	OK
354	0.398	9.939	ERR
355	1.220	8.586	OK
356	7.477	7.992	OK
357	9.649	7.594	OK
358	13.947	8.887	OK
359	9.831	9.704	OK
360	15.916	9.598	OK
361	15.696	9.413	OK
362	19.876	9.738	OK
363	10.051	10.406	OK
364	0.482	10.415	ERR
365	9.200	11.213	OK
366	13.967	11.862	OK
367	0.765	10.973	ERR
368	15.049	11.083	OK
369	5.952	10.696	OK
370	23.574	11.461	OK
371	7.379	10.630	OK
372	8.846	9.527	OK
373	12.149	9.736	OK
374	2.202	9.908	OK
375	9.169	9.905	OK
376	22.446	10.753	OK
377	8.354	11.512	OK
378	12.252	11.232	OK
379	11.161	11.753	OK
380	1.069	9.503	ERR
381	0.662	8.831	ERR
382	17.704	9.717	OK
383	11.546	9.656	OK
384	0.999	9.536	OK
385	7.464	9.366	OK
386	1.645	7.286	ERR
387	1.419	6.592	OK
388	2.852	5.652	OK
389	10.249	5.561	OK
390	19.445	7.398	OK
391	15.551	8.887	OK
392	12.931	8.410	OK
393	4.970	7.753	OK
394	8.641	8.517	OK
395	15.907	9.361	OK
396	0.801	9.277	ERR
397	14.538	10.589	OK
398	15.800	11.883	OK
